# JRE version: Java(TM) SE Runtime Environment (21.0.6+8) (build 21.0.6+8-LTS-188)
# Java VM: Java HotSpot(TM) 64-Bit Server VM (21.0.6+8-LTS-188, mixed mode, emulated-client, sharing, tiered, compressed oops, compressed class ptrs, g1 gc, windows-amd64)
GC Precious Log:
 CardTable entry size: 512
 Card Set container configuration: InlinePtr #cards 5 size 8 Array Of Cards #cards 12 size 40 Howl #buckets 4 coarsen threshold 1843 Howl Bitmap #cards 512 size 80 coarsen threshold 460 Card regions per heap region 1 cards per card region 2048
 CPUs: 12 total, 12 available
 Memory: 5996M
 Large Page Support: Disabled
 NUMA Support: Disabled
 Compressed Oops: Enabled (32-bit)
 Heap Region Size: 1M
 Heap Min Capacity: 8M
 Heap Initial Capacity: 94M
 Heap Max Capacity: 1G
 Pre-touch: Disabled
 Parallel Workers: 10
 Concurrent Workers: 3
 Concurrent Refinement Workers: 10
 Periodic GC: Disabled
Heap:
 garbage-first heap   total 104448K, used 66763K [0x00000000c0000000, 0x0000000100000000)
  region size 1024K, 25 young (25600K), 0 survivors (0K)
 Metaspace       used 55235K, committed 56000K, reserved 1114112K
  class space    used 6826K, committed 7168K, reserved 1048576K
GC Heap History (20 events):
Event: 1.688 GC heap after
{Heap after GC invocations=3 (full 0):
 garbage-first heap   total 96256K, used 18805K [0x00000000c0000000, 0x0000000100000000)
  region size 1024K, 4 young (4096K), 4 survivors (4096K)
 Metaspace       used 17529K, committed 17792K, reserved 1114112K
  class space    used 2232K, committed 2368K, reserved 1048576K
}
Event: 2.044 GC heap before
{Heap before GC invocations=3 (full 0):
 garbage-first heap   total 96256K, used 44405K [0x00000000c0000000, 0x0000000100000000)
  region size 1024K, 30 young (30720K), 4 survivors (4096K)
 Metaspace       used 21242K, committed 21504K, reserved 1114112K
  class space    used 2729K, committed 2880K, reserved 1048576K
}
Event: 2.050 GC heap after
{Heap after GC invocations=4 (full 0):
 garbage-first heap   total 96256K, used 21246K [0x00000000c0000000, 0x0000000100000000)
  region size 1024K, 6 young (6144K), 6 survivors (6144K)
 Metaspace       used 21242K, committed 21504K, reserved 1114112K
  class space    used 2729K, committed 2880K, reserved 1048576K
}
Event: 4.300 GC heap before
{Heap before GC invocations=5 (full 0):
 garbage-first heap   total 75776K, used 74494K [0x00000000c0000000, 0x0000000100000000)
  region size 1024K, 55 young (56320K), 6 survivors (6144K)
 Metaspace       used 30558K, committed 31168K, reserved 1114112K
  class space    used 3779K, committed 4032K, reserved 1048576K
}
Event: 4.313 GC heap after
{Heap after GC invocations=6 (full 0):
 garbage-first heap   total 87040K, used 25705K [0x00000000c0000000, 0x0000000100000000)
  region size 1024K, 7 young (7168K), 7 survivors (7168K)
 Metaspace       used 30558K, committed 31168K, reserved 1114112K
  class space    used 3779K, committed 4032K, reserved 1048576K
}
Event: 5.837 GC heap before
{Heap before GC invocations=6 (full 0):
 garbage-first heap   total 87040K, used 50281K [0x00000000c0000000, 0x0000000100000000)
  region size 1024K, 32 young (32768K), 7 survivors (7168K)
 Metaspace       used 35532K, committed 36096K, reserved 1114112K
  class space    used 4604K, committed 4864K, reserved 1048576K
}
Event: 5.842 GC heap after
{Heap after GC invocations=7 (full 0):
 garbage-first heap   total 87040K, used 28568K [0x00000000c0000000, 0x0000000100000000)
  region size 1024K, 4 young (4096K), 4 survivors (4096K)
 Metaspace       used 35532K, committed 36096K, reserved 1114112K
  class space    used 4604K, committed 4864K, reserved 1048576K
}
Event: 5.868 GC heap before
{Heap before GC invocations=7 (full 0):
 garbage-first heap   total 87040K, used 29592K [0x00000000c0000000, 0x0000000100000000)
  region size 1024K, 7 young (7168K), 4 survivors (4096K)
 Metaspace       used 35873K, committed 36416K, reserved 1114112K
  class space    used 4625K, committed 4864K, reserved 1048576K
}
Event: 5.874 GC heap after
{Heap after GC invocations=8 (full 0):
 garbage-first heap   total 87040K, used 28413K [0x00000000c0000000, 0x0000000100000000)
  region size 1024K, 3 young (3072K), 3 survivors (3072K)
 Metaspace       used 35873K, committed 36416K, reserved 1114112K
  class space    used 4625K, committed 4864K, reserved 1048576K
}
Event: 6.385 GC heap before
{Heap before GC invocations=9 (full 0):
 garbage-first heap   total 87040K, used 72445K [0x00000000c0000000, 0x0000000100000000)
  region size 1024K, 45 young (46080K), 3 survivors (3072K)
 Metaspace       used 43360K, committed 44096K, reserved 1114112K
  class space    used 5307K, committed 5632K, reserved 1048576K
}
Event: 6.390 GC heap after
{Heap after GC invocations=10 (full 0):
 garbage-first heap   total 104448K, used 39057K [0x00000000c0000000, 0x0000000100000000)
  region size 1024K, 6 young (6144K), 6 survivors (6144K)
 Metaspace       used 43360K, committed 44096K, reserved 1114112K
  class space    used 5307K, committed 5632K, reserved 1048576K
}
Event: 7.169 GC heap before
{Heap before GC invocations=10 (full 0):
 garbage-first heap   total 104448K, used 83089K [0x00000000c0000000, 0x0000000100000000)
  region size 1024K, 50 young (51200K), 6 survivors (6144K)
 Metaspace       used 52801K, committed 53568K, reserved 1114112K
  class space    used 6487K, committed 6848K, reserved 1048576K
}
Event: 7.174 GC heap after
{Heap after GC invocations=11 (full 0):
 garbage-first heap   total 104448K, used 42469K [0x00000000c0000000, 0x0000000100000000)
  region size 1024K, 5 young (5120K), 5 survivors (5120K)
 Metaspace       used 52801K, committed 53568K, reserved 1114112K
  class space    used 6487K, committed 6848K, reserved 1048576K
}
Event: 44.858 GC heap before
{Heap before GC invocations=11 (full 0):
 garbage-first heap   total 104448K, used 48613K [0x00000000c0000000, 0x0000000100000000)
  region size 1024K, 13 young (13312K), 5 survivors (5120K)
 Metaspace       used 53893K, committed 54656K, reserved 1114112K
  class space    used 6619K, committed 6976K, reserved 1048576K
}
Event: 44.906 GC heap after
{Heap after GC invocations=12 (full 1):
 garbage-first heap   total 104448K, used 38334K [0x00000000c0000000, 0x0000000100000000)
  region size 1024K, 0 young (0K), 0 survivors (0K)
 Metaspace       used 53893K, committed 54656K, reserved 1114112K
  class space    used 6619K, committed 6976K, reserved 1048576K
}
Event: 55.916 GC heap before
{Heap before GC invocations=12 (full 1):
 garbage-first heap   total 104448K, used 38334K [0x00000000c0000000, 0x0000000100000000)
  region size 1024K, 1 young (1024K), 0 survivors (0K)
 Metaspace       used 53913K, committed 54656K, reserved 1114112K
  class space    used 6628K, committed 6976K, reserved 1048576K
}
Event: 56.023 GC heap after
{Heap after GC invocations=13 (full 2):
 garbage-first heap   total 104448K, used 32972K [0x00000000c0000000, 0x0000000100000000)
  region size 1024K, 0 young (0K), 0 survivors (0K)
 Metaspace       used 53913K, committed 54656K, reserved 1114112K
  class space    used 6628K, committed 6976K, reserved 1048576K
}
Event: 66.227 GC heap before
{Heap before GC invocations=13 (full 2):
 garbage-first heap   total 104448K, used 32972K [0x00000000c0000000, 0x0000000100000000)
  region size 1024K, 1 young (1024K), 0 survivors (0K)
 Metaspace       used 53914K, committed 54656K, reserved 1114112K
  class space    used 6628K, committed 6976K, reserved 1048576K
}
Event: 66.253 GC heap after
{Heap after GC invocations=14 (full 3):
 garbage-first heap   total 104448K, used 32971K [0x00000000c0000000, 0x0000000100000000)
  region size 1024K, 0 young (0K), 0 survivors (0K)
 Metaspace       used 53914K, committed 54656K, reserved 1114112K
  class space    used 6628K, committed 6976K, reserved 1048576K
}
Event: 106.938 GC heap before
{Heap before GC invocations=14 (full 3):
 garbage-first heap   total 104448K, used 66763K [0x00000000c0000000, 0x0000000100000000)
  region size 1024K, 25 young (25600K), 0 survivors (0K)
 Metaspace       used 55235K, committed 56000K, reserved 1114112K
  class space    used 6826K, committed 7168K, reserved 1048576K
}

